<?xml version="1.0" encoding="UTF-8"?>
<!-- Generated by org.testng.reporters.JUnitReportReporter -->
<testsuite hostname="DESKTOP-5BS10NK" failures="0" tests="1" name="com.test.testutility.ExcelLibrary" time="0.881" errors="0" timestamp="2024-05-08T13:47:34 IST" skipped="0">
  <testcase classname="com.test.testutility.ExcelLibrary" name="excelread" time="0.881"/>
  <system-out/>
</testsuite> <!-- com.test.testutility.ExcelLibrary -->
