<?xml version="1.0" encoding="UTF-8"?>
<!-- Generated by org.testng.reporters.JUnitReportReporter -->
<testsuite hostname="DESKTOP-5BS10NK" failures="0" tests="1" name="com.test.testcases.TC3_ListImplementation" time="0.013" errors="0" timestamp="2024-05-08T20:23:37 IST" skipped="0">
  <testcase classname="com.test.testcases.TC3_ListImplementation" name="arrayListClass" time="0.013"/>
  <system-out/>
</testsuite> <!-- com.test.testcases.TC3_ListImplementation -->
