<?xml version="1.0" encoding="UTF-8"?>
<!-- Generated by org.testng.reporters.JUnitReportReporter -->
<testsuite hostname="DESKTOP-5BS10NK" failures="0" tests="1" name="com.test.testcases.TC2_TrainDetailComparison" time="3.607" errors="0" timestamp="2024-05-08T20:54:29 IST" skipped="0">
  <testcase classname="com.test.testcases.TC2_TrainDetailComparison" name="getTrainName" time="3.607"/>
  <system-out/>
</testsuite> <!-- com.test.testcases.TC2_TrainDetailComparison -->
