<?xml version="1.0" encoding="UTF-8"?>
<!-- Generated by org.testng.reporters.JUnitReportReporter -->
<testsuite hostname="DESKTOP-5BS10NK" failures="0" tests="1" name="com.test.testinput.ReadInputData" time="0.008" errors="0" timestamp="2024-05-07T20:51:25 IST" skipped="0">
  <testcase classname="com.test.testinput.ReadInputData" name="readData" time="0.008"/>
  <system-out/>
</testsuite> <!-- com.test.testinput.ReadInputData -->
